<?xml version="1.0" encoding="UTF-8"?>
<testsuite xmlns:xsi="http://www.w3.org/2001/XMLSchema-instance" xsi:noNamespaceSchemaLocation="https://maven.apache.org/surefire/maven-surefire-plugin/xsd/surefire-test-report.xsd" name="UserLoginTest" time="22.998" tests="5" errors="0" skipped="0" failures="0">
  <properties>
[...]
</properties>
  <testcase name="testByClickingEntrancePersonalArea" classname="UserLoginTest" time="12.223"/>
  <testcase name="testExit" classname="UserLoginTest" time="2.933"/>
  <testcase name="testByClickingEntranceInAccount" classname="UserLoginTest" time="2.286"/>
  <testcase name="testByClickingEntranceOnPageRegistration" classname="UserLoginTest" time="2.673"/>
  <testcase name="testByClickingEntranceOnPageRestartPassword" classname="UserLoginTest" time="2.682"/>
</testsuite>